24-08-09 16:08:22.409 [SpringApplicationShutdownHook] INFO  o.s.o.j.LocalContainerEntityManagerFactoryBean - Closing JPA EntityManagerFactory for persistence unit 'default' 
24-08-09 16:08:22.411 [SpringApplicationShutdownHook] INFO  com.zaxxer.hikari.HikariDataSource - HikariPool-1 - Shutdown initiated... 
24-08-09 16:08:22.412 [SpringApplicationShutdownHook] INFO  com.zaxxer.hikari.HikariDataSource - HikariPool-1 - Shutdown completed. 
24-08-09 16:08:31.378 [background-preinit] INFO  o.h.validator.internal.util.Version - HV000001: Hibernate Validator 8.0.1.Final 
24-08-09 16:08:31.417 [main] INFO  c.b.controller.UserModuleApplication - Starting UserModuleApplication using Java 20.0.2.1 with PID 12472 (D:\BLOG\user-module-mm\userController\target\classes started by shubham.rathee in D:\BLOG\user-module-mm) 
24-08-09 16:08:31.420 [main] INFO  c.b.controller.UserModuleApplication - No active profile set, falling back to 1 default profile: "default" 
24-08-09 16:08:31.897 [main] INFO  o.s.d.r.c.RepositoryConfigurationDelegate - Bootstrapping Spring Data JPA repositories in DEFAULT mode. 
24-08-09 16:08:32.021 [main] INFO  o.s.d.r.c.RepositoryConfigurationDelegate - Finished Spring Data repository scanning in 119 ms. Found 4 JPA repository interfaces. 
24-08-09 16:08:32.685 [main] INFO  o.s.b.w.e.tomcat.TomcatWebServer - Tomcat initialized with port 8080 (http) 
24-08-09 16:08:32.706 [main] INFO  o.a.coyote.http11.Http11NioProtocol - Initializing ProtocolHandler ["http-nio-8080"] 
24-08-09 16:08:32.709 [main] INFO  o.a.catalina.core.StandardService - Starting service [Tomcat] 
24-08-09 16:08:32.709 [main] INFO  o.a.catalina.core.StandardEngine - Starting Servlet engine: [Apache Tomcat/10.1.26] 
24-08-09 16:08:32.778 [main] INFO  o.a.c.c.C.[Tomcat].[localhost].[/] - Initializing Spring embedded WebApplicationContext 
24-08-09 16:08:32.778 [main] INFO  o.s.b.w.s.c.ServletWebServerApplicationContext - Root WebApplicationContext: initialization completed in 1332 ms 
24-08-09 16:08:32.921 [main] INFO  o.h.jpa.internal.util.LogHelper - HHH000204: Processing PersistenceUnitInfo [name: default] 
24-08-09 16:08:32.969 [main] INFO  org.hibernate.Version - HHH000412: Hibernate ORM core version 6.5.2.Final 
24-08-09 16:08:33.000 [main] INFO  o.h.c.i.RegionFactoryInitiator - HHH000026: Second-level cache disabled 
24-08-09 16:08:33.316 [main] INFO  o.s.o.j.p.SpringPersistenceUnitInfo - No LoadTimeWeaver setup: ignoring JPA class transformer 
24-08-09 16:08:33.339 [main] INFO  com.zaxxer.hikari.HikariDataSource - HikariPool-1 - Starting... 
24-08-09 16:08:33.482 [main] INFO  com.zaxxer.hikari.pool.HikariPool - HikariPool-1 - Added connection org.postgresql.jdbc.PgConnection@3b2c8bda 
24-08-09 16:08:33.484 [main] INFO  com.zaxxer.hikari.HikariDataSource - HikariPool-1 - Start completed. 
24-08-09 16:08:33.511 [main] WARN  org.hibernate.orm.deprecation - HHH90000025: PostgreSQLDialect does not need to be specified explicitly using 'hibernate.dialect' (remove the property setting and it will be selected by default) 
24-08-09 16:08:34.377 [main] INFO  o.h.e.t.j.p.i.JtaPlatformInitiator - HHH000489: No JTA platform available (set 'hibernate.transaction.jta.platform' to enable JTA platform integration) 
24-08-09 16:08:34.454 [main] INFO  o.s.o.j.LocalContainerEntityManagerFactoryBean - Initialized JPA EntityManagerFactory for persistence unit 'default' 
24-08-09 16:08:34.680 [main] INFO  o.s.d.j.r.query.QueryEnhancerFactory - Hibernate is in classpath; If applicable, HQL parser will be used. 
24-08-09 16:08:35.219 [main] WARN  o.s.s.c.a.a.c.InitializeUserDetailsBeanManagerConfigurer$InitializeUserDetailsManagerConfigurer - Global AuthenticationManager configured with an AuthenticationProvider bean. UserDetailsService beans will not be used for username/password login. Consider removing the AuthenticationProvider bean. Alternatively, consider using the UserDetailsService in a manually instantiated DaoAuthenticationProvider. 
24-08-09 16:08:35.280 [main] WARN  o.s.b.a.o.j.JpaBaseConfiguration$JpaWebConfiguration - spring.jpa.open-in-view is enabled by default. Therefore, database queries may be performed during view rendering. Explicitly configure spring.jpa.open-in-view to disable this warning 
24-08-09 16:08:35.714 [main] INFO  o.a.coyote.http11.Http11NioProtocol - Starting ProtocolHandler ["http-nio-8080"] 
24-08-09 16:08:35.730 [main] INFO  o.s.b.w.e.tomcat.TomcatWebServer - Tomcat started on port 8080 (http) with context path '/' 
24-08-09 16:08:35.736 [main] INFO  c.b.controller.UserModuleApplication - Started UserModuleApplication in 4.527 seconds (process running for 4.879) 
24-08-09 16:08:43.074 [http-nio-8080-exec-1] INFO  o.a.c.c.C.[Tomcat].[localhost].[/] - Initializing Spring DispatcherServlet 'dispatcherServlet' 
24-08-09 16:08:43.074 [http-nio-8080-exec-1] INFO  o.s.web.servlet.DispatcherServlet - Initializing Servlet 'dispatcherServlet' 
24-08-09 16:08:43.074 [http-nio-8080-exec-1] INFO  o.s.web.servlet.DispatcherServlet - Completed initialization in 0 ms 
24-08-09 16:08:43.265 [http-nio-8080-exec-1] INFO  c.b.c.controller.PublicController - Processing login request for user: 00000001 
