24-08-12 15:13:53.091 [SpringApplicationShutdownHook] INFO  o.s.o.j.LocalContainerEntityManagerFactoryBean - Closing JPA EntityManagerFactory for persistence unit 'default' 
24-08-12 15:13:53.103 [SpringApplicationShutdownHook] INFO  com.zaxxer.hikari.HikariDataSource - HikariPool-1 - Shutdown initiated... 
24-08-12 15:13:53.108 [SpringApplicationShutdownHook] INFO  com.zaxxer.hikari.HikariDataSource - HikariPool-1 - Shutdown completed. 
24-08-12 15:13:54.847 [background-preinit] INFO  o.h.validator.internal.util.Version - HV000001: Hibernate Validator 8.0.1.Final 
24-08-12 15:13:54.882 [main] INFO  c.b.controller.UserModuleApplication - Starting UserModuleApplication using Java 17.0.11 with PID 15664 (D:\spike and blog backend\user-service\userController\target\classes started by aniket.kaushik in D:\spike and blog backend\user-service) 
24-08-12 15:13:54.884 [main] INFO  c.b.controller.UserModuleApplication - No active profile set, falling back to 1 default profile: "default" 
24-08-12 15:13:55.525 [main] INFO  o.s.d.r.c.RepositoryConfigurationDelegate - Bootstrapping Spring Data JPA repositories in DEFAULT mode. 
24-08-12 15:13:55.587 [main] INFO  o.s.d.r.c.RepositoryConfigurationDelegate - Finished Spring Data repository scanning in 57 ms. Found 4 JPA repository interfaces. 
24-08-12 15:13:55.732 [main] INFO  o.s.cloud.context.scope.GenericScope - BeanFactory id=188cf5ac-18f4-3669-a3da-b6840ade1532 
24-08-12 15:13:56.255 [main] INFO  o.s.b.w.e.tomcat.TomcatWebServer - Tomcat initialized with port 8181 (http) 
24-08-12 15:13:56.267 [main] INFO  o.a.coyote.http11.Http11NioProtocol - Initializing ProtocolHandler ["http-nio-8181"] 
24-08-12 15:13:56.270 [main] INFO  o.a.catalina.core.StandardService - Starting service [Tomcat] 
24-08-12 15:13:56.270 [main] INFO  o.a.catalina.core.StandardEngine - Starting Servlet engine: [Apache Tomcat/10.1.26] 
24-08-12 15:13:56.381 [main] INFO  o.a.c.c.C.[Tomcat].[localhost].[/] - Initializing Spring embedded WebApplicationContext 
24-08-12 15:13:56.381 [main] INFO  o.s.b.w.s.c.ServletWebServerApplicationContext - Root WebApplicationContext: initialization completed in 1459 ms 
24-08-12 15:13:56.582 [main] INFO  o.h.jpa.internal.util.LogHelper - HHH000204: Processing PersistenceUnitInfo [name: default] 
24-08-12 15:13:56.650 [main] INFO  org.hibernate.Version - HHH000412: Hibernate ORM core version 6.5.2.Final 
24-08-12 15:13:56.679 [main] INFO  o.h.c.i.RegionFactoryInitiator - HHH000026: Second-level cache disabled 
24-08-12 15:13:56.980 [main] INFO  o.s.o.j.p.SpringPersistenceUnitInfo - No LoadTimeWeaver setup: ignoring JPA class transformer 
24-08-12 15:13:57.001 [main] INFO  com.zaxxer.hikari.HikariDataSource - HikariPool-1 - Starting... 
24-08-12 15:13:57.134 [main] INFO  com.zaxxer.hikari.pool.HikariPool - HikariPool-1 - Added connection org.postgresql.jdbc.PgConnection@12266084 
24-08-12 15:13:57.135 [main] INFO  com.zaxxer.hikari.HikariDataSource - HikariPool-1 - Start completed. 
24-08-12 15:13:57.158 [main] WARN  org.hibernate.orm.deprecation - HHH90000025: PostgreSQLDialect does not need to be specified explicitly using 'hibernate.dialect' (remove the property setting and it will be selected by default) 
24-08-12 15:13:57.851 [main] INFO  o.h.e.t.j.p.i.JtaPlatformInitiator - HHH000489: No JTA platform available (set 'hibernate.transaction.jta.platform' to enable JTA platform integration) 
24-08-12 15:13:57.924 [main] INFO  o.s.o.j.LocalContainerEntityManagerFactoryBean - Initialized JPA EntityManagerFactory for persistence unit 'default' 
24-08-12 15:13:58.102 [main] INFO  o.s.d.j.r.query.QueryEnhancerFactory - Hibernate is in classpath; If applicable, HQL parser will be used. 
24-08-12 15:13:58.695 [main] WARN  o.s.b.a.o.j.JpaBaseConfiguration$JpaWebConfiguration - spring.jpa.open-in-view is enabled by default. Therefore, database queries may be performed during view rendering. Explicitly configure spring.jpa.open-in-view to disable this warning 
24-08-12 15:13:58.811 [main] WARN  o.s.s.c.a.a.c.InitializeUserDetailsBeanManagerConfigurer$InitializeUserDetailsManagerConfigurer - Global AuthenticationManager configured with an AuthenticationProvider bean. UserDetailsService beans will not be used for username/password login. Consider removing the AuthenticationProvider bean. Alternatively, consider using the UserDetailsService in a manually instantiated DaoAuthenticationProvider. 
24-08-12 15:13:59.292 [main] INFO  o.a.coyote.http11.Http11NioProtocol - Starting ProtocolHandler ["http-nio-8181"] 
24-08-12 15:13:59.305 [main] INFO  o.s.b.w.e.tomcat.TomcatWebServer - Tomcat started on port 8181 (http) with context path '/' 
24-08-12 15:13:59.333 [main] INFO  c.b.controller.UserModuleApplication - Started UserModuleApplication in 4.736 seconds (process running for 5.153) 
